[11:57:33.084] [INFO   ] thread main starting.
[11:57:33.096] [SEVERE ] cannot read configuration file config.properties trying from resources.
[11:57:33.099] [SEVERE ] configuration file was loaded from resources directory.
[11:57:33.804] [INFO   ] thread dealer starting.
[11:57:33.923] [SEVERE ] placing card 11 in slot 0
[11:57:34.033] [SEVERE ] placing card 41 in slot 1
[11:57:34.143] [SEVERE ] placing card 62 in slot 2
[11:57:34.253] [SEVERE ] placing card 6 in slot 3
[11:57:34.364] [SEVERE ] placing card 13 in slot 4
[11:57:34.474] [SEVERE ] placing card 53 in slot 5
[11:57:34.584] [SEVERE ] placing card 79 in slot 6
[11:57:34.694] [SEVERE ] placing card 38 in slot 7
[11:57:34.804] [SEVERE ] placing card 70 in slot 8
[11:57:34.913] [SEVERE ] placing card 59 in slot 9
[11:57:35.021] [SEVERE ] placing card 36 in slot 10
[11:57:35.132] [SEVERE ] placing card 45 in slot 11
[11:57:35.240] [SEVERE ] updating countdown to 30999
[11:57:35.250] [SEVERE ] player 2 placing token on slot 0
[11:57:35.257] [SEVERE ] updating countdown to 30982
[11:57:35.271] [SEVERE ] updating countdown to 30968
[11:57:35.287] [SEVERE ] updating countdown to 30952
[11:57:35.303] [SEVERE ] updating countdown to 30936
[11:57:35.319] [SEVERE ] updating countdown to 30920
[11:57:35.335] [SEVERE ] updating countdown to 30904
[11:57:35.351] [SEVERE ] updating countdown to 30888
[11:57:35.366] [SEVERE ] updating countdown to 30873
[11:57:35.381] [SEVERE ] updating countdown to 30858
[11:57:35.397] [SEVERE ] updating countdown to 30842
[11:57:35.412] [SEVERE ] updating countdown to 30827
[11:57:35.427] [SEVERE ] updating countdown to 30812
[11:57:35.442] [SEVERE ] updating countdown to 30797
[11:57:35.457] [SEVERE ] updating countdown to 30782
[11:57:35.472] [SEVERE ] updating countdown to 30767
[11:57:35.488] [SEVERE ] updating countdown to 30751
[11:57:35.503] [SEVERE ] updating countdown to 30736
[11:57:35.519] [SEVERE ] updating countdown to 30720
[11:57:35.535] [SEVERE ] updating countdown to 30704
[11:57:35.551] [SEVERE ] updating countdown to 30688
[11:57:35.566] [SEVERE ] updating countdown to 30673
[11:57:35.582] [SEVERE ] updating countdown to 30657
[11:57:35.598] [SEVERE ] updating countdown to 30641
[11:57:35.614] [SEVERE ] updating countdown to 30625
[11:57:35.630] [SEVERE ] updating countdown to 30609
[11:57:35.646] [SEVERE ] updating countdown to 30593
[11:57:35.661] [SEVERE ] updating countdown to 30578
[11:57:35.677] [SEVERE ] updating countdown to 30562
[11:57:35.694] [SEVERE ] updating countdown to 30545
[11:57:35.709] [SEVERE ] updating countdown to 30530
[11:57:35.725] [SEVERE ] updating countdown to 30514
[11:57:35.741] [SEVERE ] updating countdown to 30498
[11:57:35.756] [SEVERE ] updating countdown to 30483
[11:57:35.772] [SEVERE ] updating countdown to 30467
[11:57:35.788] [SEVERE ] updating countdown to 30451
[11:57:35.804] [SEVERE ] updating countdown to 30435
[11:57:35.819] [SEVERE ] updating countdown to 30420
[11:57:35.835] [SEVERE ] updating countdown to 30404
[11:57:35.851] [SEVERE ] updating countdown to 30388
[11:57:35.867] [SEVERE ] updating countdown to 30372
[11:57:35.883] [SEVERE ] updating countdown to 30356
[11:57:35.899] [SEVERE ] updating countdown to 30340
[11:57:35.914] [SEVERE ] updating countdown to 30325
[11:57:35.930] [SEVERE ] updating countdown to 30309
[11:57:35.946] [SEVERE ] updating countdown to 30293
[11:57:35.962] [SEVERE ] updating countdown to 30277
[11:57:35.978] [SEVERE ] updating countdown to 30261
[11:57:35.993] [SEVERE ] updating countdown to 30246
[11:57:36.009] [SEVERE ] updating countdown to 30230
[11:57:36.024] [SEVERE ] updating countdown to 30215
[11:57:36.040] [SEVERE ] updating countdown to 30199
[11:57:36.055] [SEVERE ] updating countdown to 30184
[11:57:36.070] [SEVERE ] updating countdown to 30169
[11:57:36.086] [SEVERE ] updating countdown to 30153
[11:57:36.101] [SEVERE ] updating countdown to 30138
[11:57:36.117] [SEVERE ] updating countdown to 30122
[11:57:36.132] [SEVERE ] updating countdown to 30107
[11:57:36.148] [SEVERE ] updating countdown to 30091
[11:57:36.164] [SEVERE ] updating countdown to 30075
[11:57:36.180] [SEVERE ] updating countdown to 30059
[11:57:36.195] [SEVERE ] updating countdown to 30044
[11:57:36.211] [SEVERE ] updating countdown to 30028
[11:57:36.227] [SEVERE ] updating countdown to 30012
[11:57:36.242] [SEVERE ] updating countdown to 29997
[11:57:36.259] [SEVERE ] updating countdown to 29980
[11:57:36.275] [SEVERE ] updating countdown to 29964
[11:57:36.290] [SEVERE ] updating countdown to 29949
[11:57:36.306] [SEVERE ] updating countdown to 29933
[11:57:36.322] [SEVERE ] updating countdown to 29917
[11:57:36.338] [SEVERE ] updating countdown to 29901
[11:57:36.354] [SEVERE ] updating countdown to 29885
[11:57:36.370] [SEVERE ] updating countdown to 29869
[11:57:36.386] [SEVERE ] updating countdown to 29853
[11:57:36.402] [SEVERE ] updating countdown to 29837
[11:57:36.417] [SEVERE ] updating countdown to 29822
[11:57:36.433] [SEVERE ] updating countdown to 29806
[11:57:36.448] [SEVERE ] updating countdown to 29791
[11:57:36.464] [SEVERE ] updating countdown to 29775
[11:57:36.479] [SEVERE ] updating countdown to 29760
[11:57:36.495] [SEVERE ] updating countdown to 29744
[11:57:36.511] [SEVERE ] updating countdown to 29728
[11:57:36.526] [SEVERE ] updating countdown to 29713
[11:57:36.542] [SEVERE ] updating countdown to 29697
[11:57:36.558] [SEVERE ] updating countdown to 29681
[11:57:36.573] [SEVERE ] updating countdown to 29666
[11:57:36.589] [SEVERE ] updating countdown to 29650
[11:57:36.609] [SEVERE ] updating countdown to 29630
[11:57:36.625] [SEVERE ] updating countdown to 29614
[11:57:36.640] [SEVERE ] updating countdown to 29599
[11:57:36.656] [SEVERE ] updating countdown to 29583
[11:57:36.671] [SEVERE ] updating countdown to 29568
[11:57:36.687] [SEVERE ] updating countdown to 29552
[11:57:36.703] [SEVERE ] updating countdown to 29536
[11:57:36.718] [SEVERE ] updating countdown to 29521
[11:57:36.735] [SEVERE ] updating countdown to 29504
[11:57:36.750] [SEVERE ] updating countdown to 29489
[11:57:36.766] [SEVERE ] updating countdown to 29473
[11:57:36.787] [SEVERE ] updating countdown to 29452
[11:57:36.804] [SEVERE ] updating countdown to 29435
[11:57:36.819] [SEVERE ] updating countdown to 29420
[11:57:36.835] [SEVERE ] updating countdown to 29404
[11:57:36.851] [SEVERE ] updating countdown to 29388
[11:57:36.867] [SEVERE ] updating countdown to 29372
[11:57:36.883] [SEVERE ] updating countdown to 29356
[11:57:36.899] [SEVERE ] updating countdown to 29340
[11:57:36.915] [SEVERE ] updating countdown to 29324
[11:57:36.930] [SEVERE ] updating countdown to 29309
[11:57:36.946] [SEVERE ] updating countdown to 29293
[11:57:36.962] [SEVERE ] updating countdown to 29277
[11:57:36.978] [SEVERE ] updating countdown to 29261
[11:57:36.994] [SEVERE ] updating countdown to 29245
[11:57:37.009] [SEVERE ] updating countdown to 29230
[11:57:37.025] [SEVERE ] updating countdown to 29214
[11:57:37.041] [SEVERE ] updating countdown to 29198
[11:57:37.056] [SEVERE ] updating countdown to 29183
[11:57:37.072] [SEVERE ] updating countdown to 29167
[11:57:37.088] [SEVERE ] updating countdown to 29151
[11:57:37.104] [SEVERE ] updating countdown to 29135
[11:57:37.120] [SEVERE ] updating countdown to 29119
[11:57:37.135] [SEVERE ] updating countdown to 29104
[11:57:37.151] [SEVERE ] updating countdown to 29088
[11:57:37.167] [SEVERE ] updating countdown to 29072
[11:57:37.183] [SEVERE ] updating countdown to 29056
[11:57:37.199] [SEVERE ] updating countdown to 29040
[11:57:37.215] [SEVERE ] updating countdown to 29024
[11:57:37.231] [SEVERE ] updating countdown to 29008
[11:57:37.247] [SEVERE ] updating countdown to 28992
[11:57:37.262] [SEVERE ] player 2 placing token on slot 5
[11:57:37.262] [SEVERE ] updating countdown to 28977
[11:57:37.278] [SEVERE ] updating countdown to 28961
[11:57:37.294] [SEVERE ] updating countdown to 28945
[11:57:37.310] [SEVERE ] updating countdown to 28929
[11:57:37.326] [SEVERE ] updating countdown to 28913
[11:57:37.341] [SEVERE ] updating countdown to 28898
[11:57:37.357] [SEVERE ] updating countdown to 28882
[11:57:37.373] [SEVERE ] updating countdown to 28866
[11:57:37.389] [SEVERE ] updating countdown to 28850
[11:57:37.405] [SEVERE ] updating countdown to 28834
[11:57:37.420] [SEVERE ] updating countdown to 28819
[11:57:37.436] [SEVERE ] updating countdown to 28803
[11:57:37.452] [SEVERE ] updating countdown to 28787
[11:57:37.468] [SEVERE ] updating countdown to 28771
[11:57:37.485] [SEVERE ] updating countdown to 28754
[11:57:37.501] [SEVERE ] updating countdown to 28738
[11:57:37.517] [SEVERE ] updating countdown to 28722
[11:57:37.533] [SEVERE ] updating countdown to 28706
[11:57:37.549] [SEVERE ] updating countdown to 28690
[11:57:37.565] [SEVERE ] updating countdown to 28674
[11:57:37.581] [SEVERE ] updating countdown to 28658
[11:57:37.597] [SEVERE ] updating countdown to 28642
[11:57:37.613] [SEVERE ] updating countdown to 28626
[11:57:37.629] [SEVERE ] updating countdown to 28610
[11:57:37.644] [SEVERE ] updating countdown to 28595
[11:57:37.660] [SEVERE ] updating countdown to 28579
[11:57:37.676] [SEVERE ] updating countdown to 28563
[11:57:37.692] [SEVERE ] updating countdown to 28547
[11:57:37.708] [SEVERE ] updating countdown to 28531
[11:57:37.724] [SEVERE ] updating countdown to 28515
[11:57:37.740] [SEVERE ] updating countdown to 28499
[11:57:37.756] [SEVERE ] updating countdown to 28483
[11:57:37.771] [SEVERE ] updating countdown to 28468
[11:57:37.787] [SEVERE ] updating countdown to 28452
[11:57:37.803] [SEVERE ] updating countdown to 28436
[11:57:37.819] [SEVERE ] updating countdown to 28420
[11:57:37.835] [SEVERE ] updating countdown to 28404
[11:57:37.863] [SEVERE ] updating countdown to 28376
[11:57:37.879] [SEVERE ] updating countdown to 28360
[11:57:37.895] [SEVERE ] updating countdown to 28344
[11:57:37.911] [SEVERE ] updating countdown to 28328
[11:57:37.927] [SEVERE ] updating countdown to 28312
[11:57:37.943] [SEVERE ] updating countdown to 28296
[11:57:37.959] [SEVERE ] updating countdown to 28280
[11:57:37.990] [SEVERE ] updating countdown to 28249
[11:57:38.006] [SEVERE ] updating countdown to 28233
[11:57:38.022] [SEVERE ] updating countdown to 28217
[11:57:38.038] [SEVERE ] updating countdown to 28201
[11:57:38.054] [SEVERE ] updating countdown to 28185
[11:57:38.070] [SEVERE ] updating countdown to 28169
[11:57:38.086] [SEVERE ] updating countdown to 28153
[11:57:38.102] [SEVERE ] updating countdown to 28137
[11:57:38.118] [SEVERE ] updating countdown to 28121
[11:57:38.145] [SEVERE ] updating countdown to 28094
[11:57:38.161] [SEVERE ] updating countdown to 28078
[11:57:38.177] [SEVERE ] updating countdown to 28062
[11:57:38.193] [SEVERE ] updating countdown to 28046
[11:57:38.208] [SEVERE ] updating countdown to 28031
[11:57:38.224] [SEVERE ] updating countdown to 28015
[11:57:38.239] [SEVERE ] updating countdown to 28000
[11:57:38.261] [SEVERE ] updating countdown to 27978
[11:57:38.276] [SEVERE ] updating countdown to 27963
[11:57:38.292] [SEVERE ] updating countdown to 27947
[11:57:38.308] [SEVERE ] updating countdown to 27931
[11:57:38.324] [SEVERE ] updating countdown to 27915
[11:57:38.340] [SEVERE ] updating countdown to 27899
[11:57:38.356] [SEVERE ] updating countdown to 27883
[11:57:38.372] [SEVERE ] updating countdown to 27867
[11:57:38.388] [SEVERE ] updating countdown to 27851
[11:57:38.404] [SEVERE ] updating countdown to 27835
[11:57:38.420] [SEVERE ] updating countdown to 27819
[11:57:38.435] [SEVERE ] updating countdown to 27804
[11:57:38.451] [SEVERE ] updating countdown to 27788
[11:57:38.467] [SEVERE ] updating countdown to 27772
[11:57:38.483] [SEVERE ] updating countdown to 27756
[11:57:38.499] [SEVERE ] updating countdown to 27740
[11:57:38.515] [SEVERE ] updating countdown to 27724
[11:57:38.530] [SEVERE ] updating countdown to 27709
[11:57:38.547] [SEVERE ] updating countdown to 27692
[11:57:38.563] [SEVERE ] updating countdown to 27676
[11:57:38.579] [SEVERE ] updating countdown to 27660
[11:57:38.595] [SEVERE ] updating countdown to 27644
[11:57:38.611] [SEVERE ] updating countdown to 27628
[11:57:38.627] [SEVERE ] updating countdown to 27612
[11:57:38.643] [SEVERE ] updating countdown to 27596
[11:57:38.659] [SEVERE ] updating countdown to 27580
[11:57:38.675] [SEVERE ] updating countdown to 27564
[11:57:38.690] [SEVERE ] updating countdown to 27549
[11:57:38.707] [SEVERE ] updating countdown to 27532
[11:57:38.722] [SEVERE ] updating countdown to 27517
[11:57:38.737] [SEVERE ] updating countdown to 27502
[11:57:38.753] [SEVERE ] updating countdown to 27486
[11:57:38.768] [SEVERE ] updating countdown to 27471
[11:57:38.784] [SEVERE ] updating countdown to 27455
[11:57:38.804] [SEVERE ] updating countdown to 27435
[11:57:38.819] [SEVERE ] updating countdown to 27420
[11:57:38.835] [SEVERE ] updating countdown to 27404
[11:57:38.851] [SEVERE ] updating countdown to 27388
[11:57:38.866] [SEVERE ] updating countdown to 27373
[11:57:38.882] [SEVERE ] updating countdown to 27357
[11:57:38.897] [SEVERE ] updating countdown to 27342
[11:57:38.913] [SEVERE ] updating countdown to 27326
[11:57:38.928] [SEVERE ] updating countdown to 27311
[11:57:38.943] [SEVERE ] updating countdown to 27296
[11:57:38.955] [SEVERE ] updating countdown to 27284
[11:57:38.970] [SEVERE ] updating countdown to 27269
[11:57:38.986] [SEVERE ] updating countdown to 27253
[11:57:39.001] [SEVERE ] updating countdown to 27238
[11:57:39.017] [SEVERE ] updating countdown to 27222
[11:57:39.033] [SEVERE ] updating countdown to 27206
[11:57:39.049] [SEVERE ] updating countdown to 27190
[11:57:39.065] [SEVERE ] updating countdown to 27174
[11:57:39.080] [SEVERE ] updating countdown to 27159
[11:57:39.096] [SEVERE ] updating countdown to 27143
[11:57:39.112] [SEVERE ] updating countdown to 27127
[11:57:39.128] [SEVERE ] updating countdown to 27111
[11:57:39.143] [SEVERE ] updating countdown to 27096
[11:57:39.159] [SEVERE ] updating countdown to 27080
[11:57:39.175] [SEVERE ] updating countdown to 27064
[11:57:39.191] [SEVERE ] updating countdown to 27048
[11:57:39.207] [SEVERE ] updating countdown to 27032
[11:57:39.222] [SEVERE ] updating countdown to 27017
[11:57:39.238] [SEVERE ] updating countdown to 27001
[11:57:39.255] [SEVERE ] updating countdown to 26984
[11:57:39.270] [SEVERE ] player 2 placing token on slot 9
[11:57:39.271] [SEVERE ] updating countdown to 26968
[11:57:39.287] [SEVERE ] removing player 1 token from slot 0
[11:57:39.287] [SEVERE ] removing player 2 token from slot 0
[11:57:39.287] [SEVERE ] updating countdown to 26952
[11:57:39.302] [SEVERE ] updating countdown to 26937
[11:57:39.318] [SEVERE ] updating countdown to 26921
[11:57:39.333] [SEVERE ] updating countdown to 26906
[11:57:39.349] [SEVERE ] updating countdown to 26890
[11:57:39.365] [SEVERE ] updating countdown to 26874
[11:57:39.381] [SEVERE ] updating countdown to 26858
[11:57:39.397] [SEVERE ] updating countdown to 26842
[11:57:39.413] [SEVERE ] updating countdown to 26826
[11:57:39.429] [SEVERE ] updating countdown to 26810
[11:57:39.444] [SEVERE ] removing card from slot 0
[11:57:39.444] [SEVERE ] removing tokens from slot 0
[11:57:39.444] [SEVERE ] removing player 1 token from slot 5
[11:57:39.444] [SEVERE ] removing player 2 token from slot 5
[11:57:39.444] [SEVERE ] updating countdown to 26795
[11:57:39.459] [SEVERE ] updating countdown to 26780
[11:57:39.475] [SEVERE ] updating countdown to 26764
[11:57:39.490] [SEVERE ] updating countdown to 26749
[11:57:39.506] [SEVERE ] updating countdown to 26733
[11:57:39.520] [SEVERE ] updating countdown to 26719
[11:57:39.536] [SEVERE ] updating countdown to 26703
[11:57:39.552] [SEVERE ] updating countdown to 26687
[11:57:39.568] [SEVERE ] updating countdown to 26671
[11:57:39.583] [SEVERE ] updating countdown to 26656
[11:57:39.599] [SEVERE ] removing card from slot 5
[11:57:39.599] [SEVERE ] removing tokens from slot 5
[11:57:39.599] [SEVERE ] removing player 1 token from slot 9
[11:57:39.599] [SEVERE ] removing player 2 token from slot 9
[11:57:39.599] [SEVERE ] updating countdown to 26640
[11:57:39.614] [SEVERE ] updating countdown to 26625
[11:57:39.630] [SEVERE ] updating countdown to 26609
[11:57:39.646] [SEVERE ] updating countdown to 26593
[11:57:39.662] [SEVERE ] updating countdown to 26577
[11:57:39.678] [SEVERE ] updating countdown to 26561
[11:57:39.690] [SEVERE ] updating countdown to 26549
[11:57:39.709] [SEVERE ] updating countdown to 26530
[11:57:39.720] [SEVERE ] updating countdown to 26519
[11:57:39.736] [SEVERE ] updating countdown to 26503
[11:57:39.751] [SEVERE ] removing card from slot 9
[11:57:39.752] [SEVERE ] removing tokens from slot 9
[11:57:39.752] [SEVERE ] updating countdown to 26487
[11:57:39.766] [SEVERE ] updating countdown to 26473
[11:57:39.781] [SEVERE ] updating countdown to 26458
[11:57:39.797] [SEVERE ] updating countdown to 26442
[11:57:39.812] [SEVERE ] updating countdown to 26427
[11:57:39.827] [SEVERE ] updating countdown to 26412
[11:57:39.844] [SEVERE ] updating countdown to 26396
[11:57:39.859] [SEVERE ] updating countdown to 26380
[11:57:39.875] [SEVERE ] updating countdown to 26364
[11:57:39.891] [SEVERE ] updating countdown to 26348
[11:57:39.906] [SEVERE ] placing card 1 in slot 0
[11:57:39.906] [SEVERE ] updating countdown to 26333
[11:57:39.925] [SEVERE ] updating countdown to 26314
[11:57:39.937] [SEVERE ] updating countdown to 26302
[11:57:39.953] [SEVERE ] updating countdown to 26286
[11:57:39.969] [SEVERE ] updating countdown to 26270
[11:57:39.984] [SEVERE ] updating countdown to 26255
[11:57:40.000] [SEVERE ] updating countdown to 26239
[11:57:40.016] [SEVERE ] updating countdown to 26223
[11:57:40.032] [SEVERE ] updating countdown to 26207
[11:57:40.046] [SEVERE ] updating countdown to 26193
[11:57:40.062] [SEVERE ] placing card 8 in slot 5
[11:57:40.062] [SEVERE ] updating countdown to 26177
[11:57:40.077] [SEVERE ] updating countdown to 26162
[11:57:40.094] [SEVERE ] updating countdown to 26145
[11:57:40.109] [SEVERE ] updating countdown to 26130
[11:57:40.125] [SEVERE ] updating countdown to 26114
[11:57:40.140] [SEVERE ] updating countdown to 26099
[11:57:40.160] [SEVERE ] updating countdown to 26079
[11:57:40.171] [SEVERE ] updating countdown to 26068
[11:57:40.186] [SEVERE ] updating countdown to 26053
[11:57:40.202] [SEVERE ] updating countdown to 26037
[11:57:40.218] [SEVERE ] placing card 69 in slot 9
[11:57:40.219] [SEVERE ] removing player 2 token from slot 0
[11:57:40.219] [SEVERE ] updating countdown to 30999
[11:57:40.219] [SEVERE ] removing player 2 token from slot 1
[11:57:40.219] [SEVERE ] removing player 2 token from slot 2
[11:57:40.219] [SEVERE ] removing player 2 token from slot 3
[11:57:40.219] [SEVERE ] removing player 2 token from slot 4
[11:57:40.219] [SEVERE ] removing player 2 token from slot 5
[11:57:40.219] [SEVERE ] removing player 2 token from slot 6
[11:57:40.223] [SEVERE ] removing player 2 token from slot 7
[11:57:40.223] [SEVERE ] removing player 2 token from slot 8
[11:57:40.223] [SEVERE ] removing player 2 token from slot 9
[11:57:40.223] [SEVERE ] removing player 2 token from slot 10
[11:57:40.224] [SEVERE ] removing player 2 token from slot 11
[11:57:40.224] [SEVERE ] setting player 2 score to 1
[11:57:40.224] [SEVERE ] setting player 2 freeze to 1000
[11:57:40.234] [SEVERE ] updating countdown to 30984
[11:57:40.250] [SEVERE ] updating countdown to 30968
[11:57:40.265] [SEVERE ] updating countdown to 30953
[11:57:40.281] [SEVERE ] updating countdown to 30937
[11:57:40.297] [SEVERE ] updating countdown to 30921
[11:57:40.313] [SEVERE ] updating countdown to 30905
[11:57:40.328] [SEVERE ] updating countdown to 30890
[11:57:40.343] [SEVERE ] updating countdown to 30875
[11:57:40.358] [SEVERE ] updating countdown to 30860
[11:57:40.374] [SEVERE ] updating countdown to 30844
[11:57:40.393] [SEVERE ] updating countdown to 30825
[11:57:40.406] [SEVERE ] updating countdown to 30812
[11:57:40.422] [SEVERE ] updating countdown to 30796
[11:57:40.438] [SEVERE ] updating countdown to 30780
[11:57:40.454] [SEVERE ] updating countdown to 30764
[11:57:40.469] [SEVERE ] updating countdown to 30749
[11:57:40.485] [SEVERE ] updating countdown to 30733
[11:57:40.501] [SEVERE ] updating countdown to 30717
[11:57:40.517] [SEVERE ] updating countdown to 30701
[11:57:40.532] [SEVERE ] updating countdown to 30686
[11:57:40.548] [SEVERE ] updating countdown to 30670
[11:57:40.564] [SEVERE ] updating countdown to 30654
[11:57:40.580] [SEVERE ] updating countdown to 30638
[11:57:40.596] [SEVERE ] updating countdown to 30622
[11:57:40.612] [SEVERE ] updating countdown to 30606
[11:57:40.627] [SEVERE ] updating countdown to 30591
[11:57:40.643] [SEVERE ] updating countdown to 30575
[11:57:40.659] [SEVERE ] updating countdown to 30559
[11:57:40.675] [SEVERE ] updating countdown to 30543
[11:57:40.691] [SEVERE ] updating countdown to 30527
[11:57:40.706] [SEVERE ] updating countdown to 30512
[11:57:40.722] [SEVERE ] updating countdown to 30496
[11:57:40.738] [SEVERE ] updating countdown to 30480
[11:57:40.754] [SEVERE ] updating countdown to 30464
[11:57:40.771] [SEVERE ] updating countdown to 30447
[11:57:40.786] [SEVERE ] updating countdown to 30432
[11:57:40.802] [SEVERE ] updating countdown to 30416
[11:57:40.818] [SEVERE ] updating countdown to 30400
[11:57:40.834] [SEVERE ] updating countdown to 30384
[11:57:40.849] [SEVERE ] updating countdown to 30369
[11:57:40.865] [SEVERE ] updating countdown to 30353
[11:57:40.881] [SEVERE ] updating countdown to 30337
[11:57:40.897] [SEVERE ] updating countdown to 30321
[11:57:40.913] [SEVERE ] updating countdown to 30305
[11:57:40.929] [SEVERE ] updating countdown to 30289
[11:57:40.945] [SEVERE ] updating countdown to 30273
[11:57:40.961] [SEVERE ] updating countdown to 30257
[11:57:40.977] [SEVERE ] updating countdown to 30241
[11:57:40.993] [SEVERE ] updating countdown to 30225
[11:57:41.009] [SEVERE ] updating countdown to 30209
[11:57:41.025] [SEVERE ] updating countdown to 30193
[11:57:41.040] [SEVERE ] updating countdown to 30178
[11:57:41.056] [SEVERE ] updating countdown to 30162
[11:57:41.072] [SEVERE ] updating countdown to 30146
[11:57:41.088] [SEVERE ] updating countdown to 30130
[11:57:41.104] [SEVERE ] updating countdown to 30114
[11:57:41.119] [SEVERE ] updating countdown to 30099
[11:57:41.135] [SEVERE ] updating countdown to 30083
[11:57:41.151] [SEVERE ] updating countdown to 30067
[11:57:41.167] [SEVERE ] updating countdown to 30051
[11:57:41.183] [SEVERE ] updating countdown to 30035
[11:57:41.198] [SEVERE ] updating countdown to 30020
[11:57:41.214] [SEVERE ] updating countdown to 30004
[11:57:41.230] [SEVERE ] updating countdown to 29988
[11:57:41.230] [SEVERE ] setting player 2 freeze to 0
[11:57:41.246] [SEVERE ] updating countdown to 29972
[11:57:41.261] [SEVERE ] updating countdown to 29957
[11:57:41.277] [SEVERE ] updating countdown to 29941
[11:57:41.277] [SEVERE ] player 2 placing token on slot 2
[11:57:41.277] [SEVERE ] player 2 placing token on slot 9
[11:57:41.293] [SEVERE ] updating countdown to 29925
[11:57:41.309] [SEVERE ] updating countdown to 29909
[11:57:41.325] [SEVERE ] updating countdown to 29893
[11:57:41.340] [SEVERE ] updating countdown to 29878
[11:57:41.356] [SEVERE ] updating countdown to 29862
[11:57:41.371] [SEVERE ] updating countdown to 29847
[11:57:41.387] [SEVERE ] updating countdown to 29831
[11:57:41.403] [SEVERE ] updating countdown to 29815
[11:57:41.419] [SEVERE ] updating countdown to 29799
[11:57:41.435] [SEVERE ] updating countdown to 29783
[11:57:41.450] [SEVERE ] updating countdown to 29768
[11:57:41.466] [SEVERE ] updating countdown to 29752
[11:57:41.482] [SEVERE ] updating countdown to 29736
[11:57:41.498] [SEVERE ] updating countdown to 29720
[11:57:41.514] [SEVERE ] updating countdown to 29704
[11:57:41.530] [SEVERE ] updating countdown to 29688
[11:57:41.546] [SEVERE ] updating countdown to 29672
[11:57:41.562] [SEVERE ] updating countdown to 29656
[11:57:41.577] [SEVERE ] updating countdown to 29641
[11:57:41.593] [SEVERE ] updating countdown to 29625
[11:57:41.609] [SEVERE ] updating countdown to 29609
[11:57:41.625] [SEVERE ] updating countdown to 29593
[11:57:41.641] [SEVERE ] updating countdown to 29577
[11:57:41.657] [SEVERE ] updating countdown to 29561
[11:57:41.672] [SEVERE ] updating countdown to 29546
[11:57:41.688] [SEVERE ] updating countdown to 29530
[11:57:41.704] [SEVERE ] updating countdown to 29514
[11:57:41.720] [SEVERE ] updating countdown to 29498
[11:57:41.735] [SEVERE ] updating countdown to 29483
[11:57:41.751] [SEVERE ] updating countdown to 29467
[11:57:41.767] [SEVERE ] updating countdown to 29451
[11:57:41.782] [SEVERE ] updating countdown to 29436
[11:57:41.798] [SEVERE ] updating countdown to 29420
[11:57:41.814] [SEVERE ] updating countdown to 29404
[11:57:41.830] [SEVERE ] updating countdown to 29388
[11:57:41.846] [SEVERE ] updating countdown to 29372
[11:57:41.862] [SEVERE ] updating countdown to 29356
[11:57:41.877] [SEVERE ] updating countdown to 29341
[11:57:41.893] [SEVERE ] updating countdown to 29325
[11:57:41.909] [SEVERE ] updating countdown to 29309
[11:57:41.925] [SEVERE ] updating countdown to 29293
[11:57:41.940] [SEVERE ] updating countdown to 29278
[11:57:41.956] [SEVERE ] updating countdown to 29262
[11:57:41.972] [SEVERE ] updating countdown to 29246
[11:57:41.988] [SEVERE ] updating countdown to 29230
[11:57:42.003] [SEVERE ] updating countdown to 29215
[11:57:42.019] [SEVERE ] updating countdown to 29199
[11:57:42.035] [SEVERE ] updating countdown to 29183
[11:57:42.051] [SEVERE ] updating countdown to 29167
[11:57:42.067] [SEVERE ] updating countdown to 29151
[11:57:42.083] [SEVERE ] updating countdown to 29135
[11:57:42.099] [SEVERE ] updating countdown to 29119
[11:57:42.115] [SEVERE ] updating countdown to 29103
[11:57:42.131] [SEVERE ] updating countdown to 29087
[11:57:42.147] [SEVERE ] updating countdown to 29071
[11:57:42.163] [SEVERE ] updating countdown to 29055
[11:57:42.179] [SEVERE ] updating countdown to 29039
[11:57:42.194] [SEVERE ] updating countdown to 29024
[11:57:42.210] [SEVERE ] updating countdown to 29008
[11:57:42.225] [SEVERE ] updating countdown to 28993
[11:57:42.241] [SEVERE ] updating countdown to 28977
[11:57:42.257] [SEVERE ] updating countdown to 28961
[11:57:42.273] [SEVERE ] updating countdown to 28945
[11:57:42.289] [SEVERE ] updating countdown to 28929
[11:57:42.305] [SEVERE ] updating countdown to 28913
[11:57:42.321] [SEVERE ] updating countdown to 28897
[11:57:42.336] [SEVERE ] updating countdown to 28882
[11:57:42.353] [SEVERE ] updating countdown to 28865
[11:57:42.368] [SEVERE ] updating countdown to 28850
[11:57:42.384] [SEVERE ] updating countdown to 28834
[11:57:42.400] [SEVERE ] updating countdown to 28818
[11:57:42.415] [SEVERE ] updating countdown to 28803
[11:57:42.431] [SEVERE ] updating countdown to 28787
[11:57:42.447] [SEVERE ] updating countdown to 28771
[11:57:42.463] [SEVERE ] updating countdown to 28755
[11:57:42.479] [SEVERE ] updating countdown to 28739
[11:57:42.495] [SEVERE ] updating countdown to 28723
[11:57:42.511] [SEVERE ] updating countdown to 28707
[11:57:42.526] [SEVERE ] updating countdown to 28692
[11:57:42.543] [SEVERE ] updating countdown to 28675
[11:57:42.558] [SEVERE ] updating countdown to 28660
[11:57:42.574] [SEVERE ] updating countdown to 28644
[11:57:42.590] [SEVERE ] updating countdown to 28628
[11:57:42.606] [SEVERE ] updating countdown to 28612
[11:57:42.622] [SEVERE ] updating countdown to 28596
[11:57:42.638] [SEVERE ] updating countdown to 28580
[11:57:42.654] [SEVERE ] updating countdown to 28564
[11:57:42.669] [SEVERE ] updating countdown to 28549
[11:57:42.685] [SEVERE ] updating countdown to 28533
[11:57:42.700] [SEVERE ] updating countdown to 28518
[11:57:42.716] [SEVERE ] updating countdown to 28502
[11:57:42.731] [SEVERE ] updating countdown to 28487
[11:57:42.747] [SEVERE ] updating countdown to 28471
[11:57:42.763] [SEVERE ] updating countdown to 28455
[11:57:42.779] [SEVERE ] updating countdown to 28439
[11:57:42.795] [SEVERE ] updating countdown to 28423
[11:57:42.812] [SEVERE ] updating countdown to 28406
[11:57:42.827] [SEVERE ] updating countdown to 28391
[11:57:42.843] [SEVERE ] updating countdown to 28375
[11:57:42.860] [SEVERE ] updating countdown to 28358
[11:57:42.876] [SEVERE ] updating countdown to 28342
[11:57:42.892] [SEVERE ] updating countdown to 28326
[11:57:42.908] [SEVERE ] updating countdown to 28310
[11:57:42.924] [SEVERE ] updating countdown to 28294
[11:57:42.940] [SEVERE ] updating countdown to 28278
[11:57:42.956] [SEVERE ] updating countdown to 28262
[11:57:42.972] [SEVERE ] updating countdown to 28246
[11:57:42.988] [SEVERE ] updating countdown to 28230
[11:57:43.004] [SEVERE ] updating countdown to 28214
[11:57:43.020] [SEVERE ] updating countdown to 28198
[11:57:43.036] [SEVERE ] updating countdown to 28182
[11:57:43.052] [SEVERE ] updating countdown to 28166
[11:57:43.069] [SEVERE ] updating countdown to 28149
[11:57:43.085] [SEVERE ] updating countdown to 28133
[11:57:43.101] [SEVERE ] updating countdown to 28117
[11:57:43.117] [SEVERE ] updating countdown to 28101
[11:57:43.133] [SEVERE ] updating countdown to 28085
[11:57:43.149] [SEVERE ] updating countdown to 28069
[11:57:43.165] [SEVERE ] updating countdown to 28053
[11:57:43.181] [SEVERE ] updating countdown to 28037
[11:57:43.197] [SEVERE ] updating countdown to 28021
[11:57:43.213] [SEVERE ] updating countdown to 28005
[11:57:43.229] [SEVERE ] updating countdown to 27989
[11:57:43.245] [SEVERE ] updating countdown to 27973
[11:57:43.261] [SEVERE ] updating countdown to 27957
[11:57:43.276] [SEVERE ] updating countdown to 27942
[11:57:43.292] [SEVERE ] updating countdown to 27926
[11:57:43.292] [SEVERE ] player 2 placing token on slot 3
[11:57:43.308] [SEVERE ] updating countdown to 27910
[11:57:43.308] [SEVERE ] removing player 2 token from slot 0
[11:57:43.308] [SEVERE ] removing player 2 token from slot 1
[11:57:43.308] [SEVERE ] removing player 2 token from slot 2
[11:57:43.308] [SEVERE ] removing player 2 token from slot 3
[11:57:43.308] [SEVERE ] removing player 2 token from slot 4
[11:57:43.308] [SEVERE ] removing player 2 token from slot 5
[11:57:43.308] [SEVERE ] removing player 2 token from slot 6
[11:57:43.308] [SEVERE ] removing player 2 token from slot 7
[11:57:43.308] [SEVERE ] removing player 2 token from slot 8
[11:57:43.308] [SEVERE ] removing player 2 token from slot 9
[11:57:43.308] [SEVERE ] removing player 2 token from slot 10
[11:57:43.308] [SEVERE ] removing player 2 token from slot 11
[11:57:43.308] [SEVERE ] setting player 2 freeze to 3000
[11:57:43.324] [SEVERE ] updating countdown to 27894
[11:57:43.340] [SEVERE ] updating countdown to 27878
[11:57:43.356] [SEVERE ] updating countdown to 27862
[11:57:43.372] [SEVERE ] updating countdown to 27846
[11:57:43.387] [SEVERE ] updating countdown to 27831
[11:57:43.403] [SEVERE ] updating countdown to 27815
[11:57:43.419] [SEVERE ] updating countdown to 27799
[11:57:43.435] [SEVERE ] updating countdown to 27783
[11:57:43.451] [SEVERE ] updating countdown to 27767
[11:57:43.467] [SEVERE ] updating countdown to 27751
[11:57:43.483] [SEVERE ] updating countdown to 27735
[11:57:43.498] [SEVERE ] updating countdown to 27720
[11:57:43.514] [SEVERE ] updating countdown to 27704
[11:57:43.530] [SEVERE ] updating countdown to 27688
[11:57:43.546] [SEVERE ] updating countdown to 27672
[11:57:43.562] [SEVERE ] updating countdown to 27656
[11:57:43.577] [SEVERE ] updating countdown to 27641
[11:57:43.593] [SEVERE ] updating countdown to 27625
[11:57:43.609] [SEVERE ] updating countdown to 27609
[11:57:43.625] [SEVERE ] updating countdown to 27593
[11:57:43.641] [SEVERE ] updating countdown to 27577
[11:57:43.656] [SEVERE ] updating countdown to 27562
[11:57:43.672] [SEVERE ] updating countdown to 27546
[11:57:43.687] [SEVERE ] updating countdown to 27531
[11:57:43.703] [SEVERE ] updating countdown to 27515
[11:57:43.719] [SEVERE ] updating countdown to 27499
[11:57:43.735] [SEVERE ] updating countdown to 27483
[11:57:43.751] [SEVERE ] updating countdown to 27467
[11:57:43.766] [SEVERE ] updating countdown to 27452
[11:57:43.782] [SEVERE ] updating countdown to 27436
[11:57:43.798] [SEVERE ] updating countdown to 27420
[11:57:43.814] [SEVERE ] updating countdown to 27404
[11:57:43.829] [SEVERE ] updating countdown to 27389
[11:57:43.845] [SEVERE ] updating countdown to 27373
[11:57:43.861] [SEVERE ] updating countdown to 27357
[11:57:43.877] [SEVERE ] updating countdown to 27341
[11:57:43.889] [SEVERE ] updating countdown to 27329
[11:57:43.904] [SEVERE ] updating countdown to 27314
[11:57:43.920] [SEVERE ] updating countdown to 27298
[11:57:43.936] [SEVERE ] updating countdown to 27282
[11:57:43.951] [SEVERE ] updating countdown to 27267
[11:57:43.967] [SEVERE ] updating countdown to 27251
[11:57:43.983] [SEVERE ] updating countdown to 27235
[11:57:43.999] [SEVERE ] updating countdown to 27219
[11:57:44.015] [SEVERE ] updating countdown to 27203
[11:57:44.031] [SEVERE ] updating countdown to 27187
[11:57:44.047] [SEVERE ] updating countdown to 27171
[11:57:44.063] [SEVERE ] updating countdown to 27155
[11:57:44.079] [SEVERE ] updating countdown to 27139
[11:57:44.096] [SEVERE ] updating countdown to 27122
[11:57:44.112] [SEVERE ] updating countdown to 27106
[11:57:44.128] [SEVERE ] updating countdown to 27090
[11:57:44.144] [SEVERE ] updating countdown to 27074
[11:57:44.161] [SEVERE ] updating countdown to 27057
[11:57:44.177] [SEVERE ] updating countdown to 27041
[11:57:44.193] [SEVERE ] updating countdown to 27025
[11:57:44.209] [SEVERE ] updating countdown to 27009
[11:57:44.225] [SEVERE ] updating countdown to 26993
[11:57:44.241] [SEVERE ] updating countdown to 26977
[11:57:44.257] [SEVERE ] updating countdown to 26961
[11:57:44.273] [SEVERE ] updating countdown to 26945
[11:57:44.289] [SEVERE ] updating countdown to 26929
[11:57:44.305] [SEVERE ] updating countdown to 26913
[11:57:44.321] [SEVERE ] updating countdown to 26897
[11:57:44.321] [SEVERE ] setting player 2 freeze to 2000
[11:57:44.337] [SEVERE ] updating countdown to 26881
[11:57:44.352] [SEVERE ] updating countdown to 26866
[11:57:44.368] [SEVERE ] updating countdown to 26850
[11:57:44.384] [SEVERE ] updating countdown to 26834
[11:57:44.400] [SEVERE ] updating countdown to 26818
[11:57:44.415] [SEVERE ] updating countdown to 26803
[11:57:44.431] [SEVERE ] updating countdown to 26787
[11:57:44.447] [SEVERE ] updating countdown to 26771
[11:57:44.463] [SEVERE ] updating countdown to 26755
[11:57:44.479] [SEVERE ] updating countdown to 26739
[11:57:44.494] [SEVERE ] updating countdown to 26724
[11:57:44.510] [SEVERE ] updating countdown to 26708
[11:57:44.526] [SEVERE ] updating countdown to 26692
[11:57:44.541] [SEVERE ] updating countdown to 26677
[11:57:44.557] [SEVERE ] updating countdown to 26661
[11:57:44.573] [SEVERE ] updating countdown to 26645
[11:57:44.589] [SEVERE ] updating countdown to 26629
[11:57:44.605] [SEVERE ] updating countdown to 26613
[11:57:44.621] [SEVERE ] updating countdown to 26597
[11:57:44.637] [SEVERE ] updating countdown to 26581
[11:57:44.653] [SEVERE ] updating countdown to 26565
[11:57:44.668] [SEVERE ] updating countdown to 26550
[11:57:44.684] [SEVERE ] updating countdown to 26534
[11:57:44.700] [SEVERE ] updating countdown to 26518
[11:57:44.716] [SEVERE ] updating countdown to 26502
[11:57:44.732] [SEVERE ] updating countdown to 26486
[11:57:44.748] [SEVERE ] updating countdown to 26470
[11:57:44.764] [SEVERE ] updating countdown to 26454
[11:57:44.779] [SEVERE ] updating countdown to 26439
[11:57:44.795] [SEVERE ] updating countdown to 26423
[11:57:44.811] [SEVERE ] updating countdown to 26407
[11:57:44.827] [SEVERE ] updating countdown to 26391
[11:57:44.843] [SEVERE ] updating countdown to 26375
[11:57:44.859] [SEVERE ] updating countdown to 26359
[11:57:44.875] [SEVERE ] updating countdown to 26343
[11:57:44.891] [SEVERE ] updating countdown to 26327
[11:57:44.907] [SEVERE ] updating countdown to 26311
[11:57:44.923] [SEVERE ] updating countdown to 26295
[11:57:44.939] [SEVERE ] updating countdown to 26279
[11:57:44.955] [SEVERE ] updating countdown to 26263
[11:57:44.971] [SEVERE ] updating countdown to 26247
[11:57:44.987] [SEVERE ] updating countdown to 26231
[11:57:45.003] [SEVERE ] updating countdown to 26215
[11:57:45.019] [SEVERE ] updating countdown to 26199
[11:57:45.035] [SEVERE ] updating countdown to 26183
[11:57:45.051] [SEVERE ] updating countdown to 26167
[11:57:45.066] [SEVERE ] updating countdown to 26152
[11:57:45.083] [SEVERE ] updating countdown to 26135
[11:57:45.098] [SEVERE ] updating countdown to 26120
[11:57:45.114] [SEVERE ] updating countdown to 26104
[11:57:45.130] [SEVERE ] updating countdown to 26088
[11:57:45.146] [SEVERE ] updating countdown to 26072
[11:57:45.162] [SEVERE ] updating countdown to 26056
[11:57:45.178] [SEVERE ] updating countdown to 26040
[11:57:45.194] [SEVERE ] updating countdown to 26024
[11:57:45.210] [SEVERE ] updating countdown to 26008
[11:57:45.225] [SEVERE ] updating countdown to 25993
[11:57:45.241] [SEVERE ] updating countdown to 25977
[11:57:45.257] [SEVERE ] updating countdown to 25961
[11:57:45.273] [SEVERE ] updating countdown to 25945
[11:57:45.289] [SEVERE ] updating countdown to 25929
[11:57:45.305] [SEVERE ] updating countdown to 25913
[11:57:45.320] [SEVERE ] updating countdown to 25898
[11:57:45.336] [SEVERE ] updating countdown to 25882
[11:57:45.336] [SEVERE ] setting player 2 freeze to 1000
[11:57:45.352] [SEVERE ] updating countdown to 25866
[11:57:45.368] [SEVERE ] updating countdown to 25850
[11:57:45.384] [SEVERE ] updating countdown to 25834
[11:57:45.400] [SEVERE ] updating countdown to 25818
[11:57:45.416] [SEVERE ] updating countdown to 25802
[11:57:45.432] [SEVERE ] updating countdown to 25786
[11:57:45.448] [SEVERE ] updating countdown to 25770
[11:57:45.463] [SEVERE ] updating countdown to 25755
[11:57:45.479] [SEVERE ] updating countdown to 25739
[11:57:45.495] [SEVERE ] updating countdown to 25723
[11:57:45.511] [SEVERE ] updating countdown to 25707
[11:57:45.527] [SEVERE ] updating countdown to 25691
[11:57:45.542] [SEVERE ] updating countdown to 25676
[11:57:45.558] [SEVERE ] updating countdown to 25660
[11:57:45.573] [SEVERE ] updating countdown to 25645
[11:57:45.589] [SEVERE ] updating countdown to 25629
[11:57:45.605] [SEVERE ] updating countdown to 25613
[11:57:45.621] [SEVERE ] updating countdown to 25597
[11:57:45.636] [SEVERE ] updating countdown to 25582
[11:57:45.652] [SEVERE ] updating countdown to 25566
[11:57:45.668] [SEVERE ] updating countdown to 25550
[11:57:45.684] [SEVERE ] updating countdown to 25534
[11:57:45.699] [SEVERE ] updating countdown to 25519
[11:57:45.715] [SEVERE ] updating countdown to 25503
[11:57:45.731] [SEVERE ] updating countdown to 25487
[11:57:45.746] [SEVERE ] updating countdown to 25472
[11:57:45.762] [SEVERE ] updating countdown to 25456
[11:57:45.778] [SEVERE ] updating countdown to 25440
[11:57:45.794] [SEVERE ] updating countdown to 25424
[11:57:45.809] [SEVERE ] updating countdown to 25409
[11:57:45.825] [SEVERE ] updating countdown to 25393
[11:57:45.841] [SEVERE ] updating countdown to 25377
[11:57:45.856] [SEVERE ] updating countdown to 25362
[11:57:45.873] [SEVERE ] updating countdown to 25345
[11:57:45.888] [SEVERE ] updating countdown to 25330
[11:57:45.905] [SEVERE ] updating countdown to 25313
[11:57:45.921] [SEVERE ] updating countdown to 25297
[11:57:45.936] [SEVERE ] updating countdown to 25282
[11:57:45.952] [SEVERE ] updating countdown to 25266
[11:57:45.967] [SEVERE ] updating countdown to 25251
[11:57:45.983] [SEVERE ] updating countdown to 25235
[11:57:45.999] [SEVERE ] updating countdown to 25219
[11:57:46.015] [SEVERE ] updating countdown to 25203
[11:57:46.030] [SEVERE ] updating countdown to 25188
[11:57:46.046] [SEVERE ] updating countdown to 25172
[11:57:46.062] [SEVERE ] updating countdown to 25156
[11:57:46.078] [SEVERE ] updating countdown to 25140
[11:57:46.093] [SEVERE ] updating countdown to 25125
[11:57:46.109] [SEVERE ] updating countdown to 25109
[11:57:46.125] [SEVERE ] updating countdown to 25093
[11:57:46.140] [SEVERE ] updating countdown to 25078
[11:57:46.156] [SEVERE ] updating countdown to 25062
[11:57:46.172] [SEVERE ] updating countdown to 25046
[11:57:46.188] [SEVERE ] updating countdown to 25030
[11:57:46.204] [SEVERE ] updating countdown to 25014
[11:57:46.221] [SEVERE ] updating countdown to 24997
[11:57:46.237] [SEVERE ] updating countdown to 24981
[11:57:46.253] [SEVERE ] updating countdown to 24965
[11:57:46.269] [SEVERE ] updating countdown to 24949
[11:57:46.285] [SEVERE ] updating countdown to 24933
[11:57:46.300] [SEVERE ] updating countdown to 24918
[11:57:46.317] [SEVERE ] updating countdown to 24901
[11:57:46.332] [SEVERE ] updating countdown to 24886
[11:57:46.348] [SEVERE ] setting player 2 freeze to 0
[11:57:46.348] [SEVERE ] updating countdown to 24870
[11:57:46.348] [SEVERE ] player 2 placing token on slot 1
[11:57:46.348] [SEVERE ] player 2 placing token on slot 8
[11:57:46.364] [SEVERE ] updating countdown to 24854
[11:57:46.380] [SEVERE ] updating countdown to 24838
[11:57:46.396] [SEVERE ] updating countdown to 24822
[11:57:46.412] [SEVERE ] updating countdown to 24806
[11:57:46.427] [SEVERE ] updating countdown to 24791
[11:57:46.443] [SEVERE ] updating countdown to 24775
[11:57:46.459] [SEVERE ] updating countdown to 24759
[11:57:46.474] [SEVERE ] updating countdown to 24744
[11:57:46.489] [SEVERE ] updating countdown to 24729
[11:57:46.505] [SEVERE ] updating countdown to 24713
[11:57:46.520] [SEVERE ] updating countdown to 24698
[11:57:46.535] [SEVERE ] updating countdown to 24683
[11:57:46.551] [SEVERE ] updating countdown to 24667
[11:57:46.567] [SEVERE ] updating countdown to 24651
[11:57:46.587] [SEVERE ] updating countdown to 24631
[11:57:46.603] [SEVERE ] updating countdown to 24615
[11:57:46.618] [SEVERE ] updating countdown to 24600
[11:57:46.634] [SEVERE ] updating countdown to 24584
[11:57:46.649] [SEVERE ] updating countdown to 24569
[11:57:46.665] [SEVERE ] updating countdown to 24553
[11:57:46.681] [SEVERE ] updating countdown to 24537
[11:57:46.697] [SEVERE ] updating countdown to 24521
[11:57:46.712] [SEVERE ] updating countdown to 24506
[11:57:46.728] [SEVERE ] updating countdown to 24490
[11:57:46.744] [SEVERE ] updating countdown to 24474
[11:57:46.760] [SEVERE ] updating countdown to 24458
[11:57:46.775] [SEVERE ] updating countdown to 24443
[11:57:46.790] [SEVERE ] updating countdown to 24428
[11:57:46.807] [SEVERE ] updating countdown to 24411
[11:57:46.823] [SEVERE ] updating countdown to 24395
[11:57:46.838] [SEVERE ] updating countdown to 24380
[11:57:46.853] [SEVERE ] updating countdown to 24365
[11:57:46.869] [SEVERE ] updating countdown to 24349
[11:57:46.884] [SEVERE ] updating countdown to 24334
[11:57:46.899] [SEVERE ] updating countdown to 24319
[11:57:46.915] [SEVERE ] updating countdown to 24303
[11:57:46.931] [SEVERE ] updating countdown to 24287
[11:57:46.954] [SEVERE ] updating countdown to 24264
[11:57:46.970] [SEVERE ] updating countdown to 24248
[11:57:46.986] [SEVERE ] updating countdown to 24232
[11:57:47.001] [SEVERE ] updating countdown to 24217
[11:57:47.018] [SEVERE ] updating countdown to 24200
[11:57:47.034] [SEVERE ] updating countdown to 24184
[11:57:47.050] [SEVERE ] updating countdown to 24168
[11:57:47.065] [SEVERE ] updating countdown to 24153
